#
# There is insufficient memory for the Java Runtime Environment to continue.
# Native memory allocation (malloc) failed to allocate 1048576 bytes. Error detail: AllocateHeap
# Possible reasons:
#   The system is out of physical RAM or swap space
#   This process is running with CompressedOops enabled, and the Java Heap may be blocking the growth of the native heap
# Possible solutions:
#   Reduce memory load on the system
#   Increase physical memory or swap space
#   Check if swap backing store is full
#   Decrease Java heap size (-Xmx/-Xms)
#   Decrease number of Java threads
#   Decrease Java thread stack sizes (-Xss)
#   Set larger code cache with -XX:ReservedCodeCacheSize=
#   JVM is running with Unscaled Compressed Oops mode in which the Java heap is
#     placed in the first 4GB address space. The Java Heap base address is the
#     maximum limit for the native heap growth. Please use -XX:HeapBaseMinAddress
#     to set the Java Heap base and to place the Java Heap above 4GB virtual address.
# This output file may be truncated or incomplete.
#
#  Out of Memory Error (allocation.cpp:44), pid=6980, tid=1084
#
# JRE version:  (21.0.10+7) (build )
# Java VM: OpenJDK 64-Bit Server VM (21.0.10+7-LTS, mixed mode, sharing, tiered, compressed oops, compressed class ptrs, parallel gc, windows-amd64)
# No core dump will be written. Minidumps are not enabled by default on client versions of Windows
#

---------------  S U M M A R Y ------------

Command Line: --add-modules=ALL-SYSTEM --add-opens=java.base/java.util=ALL-UNNAMED --add-opens=java.base/java.lang=ALL-UNNAMED --add-opens=java.base/sun.nio.fs=ALL-UNNAMED -Declipse.application=org.eclipse.jdt.ls.core.id1 -Dosgi.bundles.defaultStartLevel=4 -Declipse.product=org.eclipse.jdt.ls.core.product -Djava.import.generatesMetadataFilesAtProjectRoot=false -DDetectVMInstallationsJob.disabled=true -Dfile.encoding=utf8 -XX:+UseParallelGC -XX:GCTimeRatio=4 -XX:AdaptiveSizePolicyWeight=90 -Dsun.zip.disableMemoryMapping=true -Xmx2G -Xms100m -Xlog:disable -javaagent:c:\Users\tekcell\.vscode\extensions\redhat.java-1.53.0-win32-x64\lombok\lombok-1.18.39-4050.jar -XX:+HeapDumpOnOutOfMemoryError -XX:HeapDumpPath=c:\Users\tekcell\AppData\Roaming\Code\User\workspaceStorage\06dbee5e18be1fd457fc4f53d08a7fc5\redhat.java -Daether.dependencyCollector.impl=bf c:\Users\tekcell\.vscode\extensions\redhat.java-1.53.0-win32-x64\server\plugins\org.eclipse.equinox.launcher_1.7.100.v20251111-0406.jar -configuration c:\Users\tekcell\AppData\Roaming\Code\User\globalStorage\redhat.java\1.53.0\config_win -data c:\Users\tekcell\AppData\Roaming\Code\User\workspaceStorage\06dbee5e18be1fd457fc4f53d08a7fc5\redhat.java\jdt_ws --pipe=\\.\pipe\lsp-92d055f55e7a78243a013b7b9ac14caa-sock

Host: Intel(R) Core(TM) i5-2520M CPU @ 2.50GHz, 4 cores, 3G,  Windows 11 , 64 bit Build 26100 (10.0.26100.1591)
Time: Sat Apr 11 18:03:56 2026 Hora oficial do Brasil elapsed time: 1.360218 seconds (0d 0h 0m 1s)

---------------  T H R E A D  ---------------

Current thread (0x000002738c06c3e0):  JavaThread "Unknown thread" [_thread_in_vm, id=1084, stack(0x00000089a6400000,0x00000089a6500000) (1024K)]

Stack: [0x00000089a6400000,0x00000089a6500000]
Native frames: (J=compiled Java code, j=interpreted, Vv=VM code, C=native code)
V  [jvm.dll+0x6d7a39]
V  [jvm.dll+0x8b4b26]
V  [jvm.dll+0x8b70de]
V  [jvm.dll+0x8b77c3]
V  [jvm.dll+0x284346]
V  [jvm.dll+0xc1277]
V  [jvm.dll+0x70ba02]
V  [jvm.dll+0x70c73c]
V  [jvm.dll+0x6e65d3]
V  [jvm.dll+0x87f17c]
V  [jvm.dll+0x3c49fc]
V  [jvm.dll+0x867e6b]
V  [jvm.dll+0x457b31]
V  [jvm.dll+0x459721]
C  [jli.dll+0x52d0]
C  [ucrtbase.dll+0x14ea0]
C  [KERNEL32.DLL+0x2dbe7]
C  [ntdll.dll+0x85a6c]


---------------  P R O C E S S  ---------------

Threads class SMR info:
_java_thread_list=0x000002738c094090, length=1, elements={
0x000002738c06c3e0
}

Java Threads: ( => current thread )
=>0x000002738c06c3e0 JavaThread "Unknown thread"             [_thread_in_vm, id=1084, stack(0x00000089a6400000,0x00000089a6500000) (1024K)]
Total: 1

Other Threads:
  0x00000273a317ba00 WatcherThread "VM Periodic Task Thread"        [id=13248, stack(0x00000089a6600000,0x00000089a6700000) (1024K)]
  0x000002738c08a8f0 WorkerThread "GC Thread#0"                     [id=6392, stack(0x00000089a6500000,0x00000089a6600000) (1024K)]
Total: 2

Threads with active compile tasks:
Total: 0

VM state: not at safepoint (normal execution)

VM Mutex/Monitor currently owned by a thread: None

Heap address: 0x0000000080000000, size: 2048 MB, Compressed Oops mode: 32-bit

CDS archive(s) mapped at: [0x00000273a4000000-0x00000273a4ba0000-0x00000273a4ba0000), size 12189696, SharedBaseAddress: 0x00000273a4000000, ArchiveRelocationMode: 1.
Compressed class space mapped at: 0x00000273a5000000-0x00000273e5000000, reserved size: 1073741824
Narrow klass base: 0x00000273a4000000, Narrow klass shift: 0, Narrow klass range: 0x100000000

GC Precious Log:
 CardTable entry size: 512
 CPUs: 4 total, 4 available
 Memory: 3976M
 Large Page Support: Disabled
 NUMA Support: Disabled
 Compressed Oops: Enabled (32-bit)
 Alignments: Space 512K, Generation 512K, Heap 2M
 Heap Min Capacity: 100M
 Heap Initial Capacity: 100M
 Heap Max Capacity: 2G
 Pre-touch: Disabled
 Parallel Workers: 4

Heap:
 PSYoungGen      total 29696K, used 512K [0x00000000d5580000, 0x00000000d7680000, 0x0000000100000000)
  eden space 25600K, 2% used [0x00000000d5580000,0x00000000d5600020,0x00000000d6e80000)
  from space 4096K, 0% used [0x00000000d7280000,0x00000000d7280000,0x00000000d7680000)
  to   space 4096K, 0% used [0x00000000d6e80000,0x00000000d6e80000,0x00000000d7280000)
 ParOldGen       total 68608K, used 0K [0x0000000080000000, 0x0000000084300000, 0x00000000d5580000)
  object space 68608K, 0% used [0x0000000080000000,0x0000000080000000,0x0000000084300000)
 Metaspace       used 0K, committed 0K, reserved 1048576K
  class space    used 0K, committed 0K, reserved 1048576K

Card table byte_map: [0x000002739e5b0000,0x000002739e9c0000] _byte_map_base: 0x000002739e1b0000

Marking Bits: (ParMarkBitMap*) 0x00007ffad5123450
 Begin Bits: [0x000002739ec70000, 0x00000273a0c70000)
 End Bits:   [0x00000273a0c70000, 0x00000273a2c70000)

Polling page: 0x000002738a860000

Metaspace:

Usage:
  Non-class:      0 bytes used.
      Class:      0 bytes used.
       Both:      0 bytes used.

Virtual space:
  Non-class space:        0 bytes reserved,       0 bytes (  ?%) committed,  0 nodes.
      Class space:        1.00 GB reserved,       0 bytes (  0%) committed,  1 nodes.
             Both:        1.00 GB reserved,       0 bytes (  0%) committed. 

Chunk freelists:
   Non-Class:  0 bytes
       Class:  16.00 MB
        Both:  16.00 MB

MaxMetaspaceSize: unlimited
CompressedClassSpaceSize: 1.00 GB
Initial GC threshold: 21.00 MB
Current GC threshold: 17179869184.00 GB
CDS: on
 - commit_granule_bytes: 65536.
 - commit_granule_words: 8192.
 - virtual_space_node_default_size: 8388608.
 - enlarge_chunks_in_place: 1.
 - use_allocation_guard: 0.


Internal statistics:

num_allocs_failed_limit: 0.
num_arena_births: 0.
num_arena_deaths: 0.
num_vsnodes_births: 1.
num_vsnodes_deaths: 0.
num_space_committed: 0.
num_space_uncommitted: 0.
num_chunks_returned_to_freelist: 0.
num_chunks_taken_from_freelist: 1.
num_chunk_merges: 0.
num_chunk_splits: 1.
num_chunks_enlarged: 0.
num_inconsistent_stats: 0.

CodeHeap 'non-profiled nmethods': size=120000Kb used=0Kb max_used=0Kb free=120000Kb
 bounds [0x0000027396ea0000, 0x0000027397110000, 0x000002739e3d0000]
CodeHeap 'profiled nmethods': size=120000Kb used=0Kb max_used=0Kb free=120000Kb
 bounds [0x000002738f3d0000, 0x000002738f640000, 0x0000027396900000]
CodeHeap 'non-nmethods': size=5760Kb used=194Kb max_used=342Kb free=5565Kb
 bounds [0x0000027396900000, 0x0000027396b70000, 0x0000027396ea0000]
CodeCache: size=245760Kb, used=194Kb, max_used=342Kb, free=245565Kb
 total_blobs=70, nmethods=0, adapters=48, full_count=0
Compilation: enabled, stopped_count=0, restarted_count=0

Compilation events (0 events):
No events

GC Heap History (0 events):
No events

Dll operation events (1 events):
Event: 0.049 Loaded shared library c:\Users\tekcell\.vscode\extensions\redhat.java-1.53.0-win32-x64\jre\21.0.10-win32-x86_64\bin\java.dll

Deoptimization events (0 events):
No events

Classes loaded (0 events):
No events

Classes unloaded (0 events):
No events

Classes redefined (0 events):
No events

Internal exceptions (0 events):
No events

ZGC Phase Switch (0 events):
No events

VM Operations (0 events):
No events

Memory protections (0 events):
No events

Nmethod flushes (0 events):
No events

Events (1 events):
Event: 1.267 Thread 0x000002738c06c3e0 Thread added: 0x000002738c06c3e0


Dynamic libraries:
0x00007ff6df490000 - 0x00007ff6df49e000 	c:\Users\tekcell\.vscode\extensions\redhat.java-1.53.0-win32-x64\jre\21.0.10-win32-x86_64\bin\java.exe
0x00007ffb1f9a0000 - 0x00007ffb1fc03000 	C:\Windows\SYSTEM32\ntdll.dll
0x00007ffb1d830000 - 0x00007ffb1d8f7000 	C:\Windows\System32\KERNEL32.DLL
0x00007ffb1ce30000 - 0x00007ffb1d1d1000 	C:\Windows\System32\KERNELBASE.dll
0x00007ffb1d1e0000 - 0x00007ffb1d32b000 	C:\Windows\System32\ucrtbase.dll
0x00007ffb0d3f0000 - 0x00007ffb0d408000 	c:\Users\tekcell\.vscode\extensions\redhat.java-1.53.0-win32-x64\jre\21.0.10-win32-x86_64\bin\jli.dll
0x00007ffb07490000 - 0x00007ffb074ae000 	c:\Users\tekcell\.vscode\extensions\redhat.java-1.53.0-win32-x64\jre\21.0.10-win32-x86_64\bin\VCRUNTIME140.dll
0x00007ffb1eb30000 - 0x00007ffb1ecf3000 	C:\Windows\System32\USER32.dll
0x00007ffb1d7f0000 - 0x00007ffb1d817000 	C:\Windows\System32\win32u.dll
0x00007ffb1dcd0000 - 0x00007ffb1dcfa000 	C:\Windows\System32\GDI32.dll
0x00007ffb1d330000 - 0x00007ffb1d451000 	C:\Windows\System32\gdi32full.dll
0x00007ffb1d680000 - 0x00007ffb1d723000 	C:\Windows\System32\msvcp_win.dll
0x00007ffb0e540000 - 0x00007ffb0e7d0000 	C:\Windows\WinSxS\amd64_microsoft.windows.common-controls_6595b64144ccf1df_6.0.26100.1591_none_3e0fac18e32dc903\COMCTL32.dll
0x00007ffb1dc20000 - 0x00007ffb1dcc9000 	C:\Windows\System32\msvcrt.dll
0x00007ffb1d900000 - 0x00007ffb1d92f000 	C:\Windows\System32\IMM32.DLL
0x00007ffb14e20000 - 0x00007ffb14e2c000 	c:\Users\tekcell\.vscode\extensions\redhat.java-1.53.0-win32-x64\jre\21.0.10-win32-x86_64\bin\vcruntime140_1.dll
0x00007ffaf8b50000 - 0x00007ffaf8bdd000 	c:\Users\tekcell\.vscode\extensions\redhat.java-1.53.0-win32-x64\jre\21.0.10-win32-x86_64\bin\msvcp140.dll
0x00007ffad4460000 - 0x00007ffad5201000 	c:\Users\tekcell\.vscode\extensions\redhat.java-1.53.0-win32-x64\jre\21.0.10-win32-x86_64\bin\server\jvm.dll
0x00007ffb1d940000 - 0x00007ffb1d9f2000 	C:\Windows\System32\ADVAPI32.dll
0x00007ffb1e0b0000 - 0x00007ffb1e157000 	C:\Windows\System32\sechost.dll
0x00007ffb1daf0000 - 0x00007ffb1dc06000 	C:\Windows\System32\RPCRT4.dll
0x00007ffb1de00000 - 0x00007ffb1de74000 	C:\Windows\System32\WS2_32.dll
0x00007ffb1cc50000 - 0x00007ffb1cc9e000 	C:\Windows\SYSTEM32\POWRPROF.dll
0x00007ffb0e9d0000 - 0x00007ffb0ea06000 	C:\Windows\SYSTEM32\WINMM.dll
0x00007ffb0ed80000 - 0x00007ffb0ed8b000 	C:\Windows\SYSTEM32\VERSION.dll
0x00007ffb1cc30000 - 0x00007ffb1cc44000 	C:\Windows\SYSTEM32\UMPDC.dll
0x00007ffb1bc10000 - 0x00007ffb1bc2a000 	C:\Windows\SYSTEM32\kernel.appcore.dll
0x00007ffb0ef10000 - 0x00007ffb0ef1a000 	c:\Users\tekcell\.vscode\extensions\redhat.java-1.53.0-win32-x64\jre\21.0.10-win32-x86_64\bin\jimage.dll
0x00007ffb0eb30000 - 0x00007ffb0ed71000 	C:\Windows\SYSTEM32\DBGHELP.DLL
0x00007ffb1f5e0000 - 0x00007ffb1f95c000 	C:\Windows\System32\combase.dll
0x00007ffb1f4a0000 - 0x00007ffb1f576000 	C:\Windows\System32\OLEAUT32.dll
0x00007ffb0e2b0000 - 0x00007ffb0e2e9000 	C:\Windows\SYSTEM32\dbgcore.DLL
0x00007ffb1d5e0000 - 0x00007ffb1d679000 	C:\Windows\System32\bcryptPrimitives.dll
0x00007ffb06460000 - 0x00007ffb0646f000 	c:\Users\tekcell\.vscode\extensions\redhat.java-1.53.0-win32-x64\jre\21.0.10-win32-x86_64\bin\instrument.dll
0x00007ffafb860000 - 0x00007ffafb880000 	c:\Users\tekcell\.vscode\extensions\redhat.java-1.53.0-win32-x64\jre\21.0.10-win32-x86_64\bin\java.dll

JVMTI agents:
c:\Users\tekcell\.vscode\extensions\redhat.java-1.53.0-win32-x64\lombok\lombok-1.18.39-4050.jar path:none, loaded, not initialized, instrumentlib options:none

dbghelp: loaded successfully - version: 4.0.5 - missing functions: none
symbol engine: initialized successfully - sym options: 0x614 - pdb path: .;c:\Users\tekcell\.vscode\extensions\redhat.java-1.53.0-win32-x64\jre\21.0.10-win32-x86_64\bin;C:\Windows\SYSTEM32;C:\Windows\WinSxS\amd64_microsoft.windows.common-controls_6595b64144ccf1df_6.0.26100.1591_none_3e0fac18e32dc903;c:\Users\tekcell\.vscode\extensions\redhat.java-1.53.0-win32-x64\jre\21.0.10-win32-x86_64\bin\server

VM Arguments:
jvm_args: --add-modules=ALL-SYSTEM --add-opens=java.base/java.util=ALL-UNNAMED --add-opens=java.base/java.lang=ALL-UNNAMED --add-opens=java.base/sun.nio.fs=ALL-UNNAMED -Declipse.application=org.eclipse.jdt.ls.core.id1 -Dosgi.bundles.defaultStartLevel=4 -Declipse.product=org.eclipse.jdt.ls.core.product -Djava.import.generatesMetadataFilesAtProjectRoot=false -DDetectVMInstallationsJob.disabled=true -Dfile.encoding=utf8 -XX:+UseParallelGC -XX:GCTimeRatio=4 -XX:AdaptiveSizePolicyWeight=90 -Dsun.zip.disableMemoryMapping=true -Xmx2G -Xms100m -Xlog:disable -javaagent:c:\Users\tekcell\.vscode\extensions\redhat.java-1.53.0-win32-x64\lombok\lombok-1.18.39-4050.jar -XX:+HeapDumpOnOutOfMemoryError -XX:HeapDumpPath=c:\Users\tekcell\AppData\Roaming\Code\User\workspaceStorage\06dbee5e18be1fd457fc4f53d08a7fc5\redhat.java -Daether.dependencyCollector.impl=bf 
java_command: c:\Users\tekcell\.vscode\extensions\redhat.java-1.53.0-win32-x64\server\plugins\org.eclipse.equinox.launcher_1.7.100.v20251111-0406.jar -configuration c:\Users\tekcell\AppData\Roaming\Code\User\globalStorage\redhat.java\1.53.0\config_win -data c:\Users\tekcell\AppData\Roaming\Code\User\workspaceStorage\06dbee5e18be1fd457fc4f53d08a7fc5\redhat.java\jdt_ws --pipe=\\.\pipe\lsp-92d055f55e7a78243a013b7b9ac14caa-sock
java_class_path (initial): c:\Users\tekcell\.vscode\extensions\redhat.java-1.53.0-win32-x64\server\plugins\org.eclipse.equinox.launcher_1.7.100.v20251111-0406.jar
Launcher Type: SUN_STANDARD

[Global flags]
    uintx AdaptiveSizePolicyWeight                 = 90                                        {product} {command line}
     intx CICompilerCount                          = 3                                         {product} {ergonomic}
    uintx GCTimeRatio                              = 4                                         {product} {command line}
     bool HeapDumpOnOutOfMemoryError               = true                                   {manageable} {command line}
    ccstr HeapDumpPath                             = c:\Users\tekcell\AppData\Roaming\Code\User\workspaceStorage\06dbee5e18be1fd457fc4f53d08a7fc5\redhat.java         {manageable} {command line}
   size_t InitialHeapSize                          = 104857600                                 {product} {command line}
   size_t MaxHeapSize                              = 2147483648                                {product} {command line}
   size_t MaxNewSize                               = 715653120                                 {product} {ergonomic}
   size_t MinHeapDeltaBytes                        = 524288                                    {product} {ergonomic}
   size_t MinHeapSize                              = 104857600                                 {product} {command line}
   size_t NewSize                                  = 34603008                                  {product} {ergonomic}
    uintx NonNMethodCodeHeapSize                   = 5832780                                {pd product} {ergonomic}
    uintx NonProfiledCodeHeapSize                  = 122912730                              {pd product} {ergonomic}
   size_t OldSize                                  = 70254592                                  {product} {ergonomic}
    uintx ProfiledCodeHeapSize                     = 122912730                              {pd product} {ergonomic}
    uintx ReservedCodeCacheSize                    = 251658240                              {pd product} {ergonomic}
     bool SegmentedCodeCache                       = true                                      {product} {ergonomic}
   size_t SoftMaxHeapSize                          = 2147483648                             {manageable} {ergonomic}
     bool UseCompressedOops                        = true                           {product lp64_product} {ergonomic}
     bool UseLargePagesIndividualAllocation        = false                                  {pd product} {ergonomic}
     bool UseParallelGC                            = true                                      {product} {command line}

Logging:
Log output configuration:
 #0: stdout all=off uptime,level,tags foldmultilines=false
 #1: stderr all=off uptime,level,tags foldmultilines=false

Release file:
<release file has not been read>
Environment Variables:
PATH=C:\Users\tekcell\AppData\Local\Programs\Microsoft VS Code;C:\Program Files\Common Files\Oracle\Java\javapath;C:\Windows\system32;C:\Windows;C:\Windows\System32\Wbem;C:\Windows\System32\WindowsPowerShell\v1.0\;C:\Windows\System32\OpenSSH\;C:\Program Files\nodejs\;C:\Users\tekcell\AppData\Local\Microsoft\WindowsApps;C:\Users\tekcell\AppData\Local\Programs\Microsoft VS Code\bin;C:\Users\tekcell\AppData\Local\GitHubDesktop\bin;C:\maven\apache-maven-3.9.12\bin;C:\Users\tekcell\AppData\Roaming\npm
USERNAME=tekcell
OS=Windows_NT
PROCESSOR_IDENTIFIER=Intel64 Family 6 Model 42 Stepping 7, GenuineIntel
TMP=C:\Users\tekcell\AppData\Local\Temp
TEMP=C:\Users\tekcell\AppData\Local\Temp




Periodic native trim disabled

---------------  S Y S T E M  ---------------

OS:
 Windows 11 , 64 bit Build 26100 (10.0.26100.1591)
OS uptime: 0 days 1:54 hours

CPU: total 4 (initial active 4) (2 cores per cpu, 2 threads per core) family 6 model 42 stepping 7 microcode 0x2f, cx8, cmov, fxsr, ht, mmx, sse, sse2, sse3, ssse3, sse4.1, sse4.2, popcnt, tsc, tscinvbit, avx, aes, clmul, vzeroupper, clflush, rdtscp
Processor Information for the first 4 processors :
  Max Mhz: 2501, Current Mhz: 2501, Mhz Limit: 2501

Memory: 4k page, system-wide physical 3976M (194M free)
TotalPageFile size 12168M (AvailPageFile size 2M)
current process WorkingSet (physical memory assigned to process): 25M, peak: 25M
current process commit charge ("private bytes"): 192M, peak: 193M

vm_info: OpenJDK 64-Bit Server VM (21.0.10+7-LTS) for windows-amd64 JRE (21.0.10+7-LTS), built on 2026-01-20T00:00:00Z by "admin" with MS VC++ 17.12 (VS2022)

END.
